<?xml version="1.0" encoding="UTF-8"?>
<mule xmlns:sfdc="http://www.mulesoft.org/schema/mule/sfdc"
	xmlns:siebel="http://www.mulesoft.org/schema/mule/siebel" xmlns="http://www.mulesoft.org/schema/mule/core"
	xmlns:doc="http://www.mulesoft.org/schema/mule/documentation"
	xmlns:spring="http://www.springframework.org/schema/beans" version="EE-3.5.0"
	xmlns:xsi="http://www.w3.org/2001/XMLSchema-instance"
	xsi:schemaLocation="http://www.mulesoft.org/schema/mule/siebel http://www.mulesoft.org/schema/mule/siebel/current/mule-siebel.xsd
http://www.springframework.org/schema/beans http://www.springframework.org/schema/beans/spring-beans-current.xsd
http://www.mulesoft.org/schema/mule/core http://www.mulesoft.org/schema/mule/core/current/mule.xsd
http://www.mulesoft.org/schema/mule/sfdc http://www.mulesoft.org/schema/mule/sfdc/current/mule-sfdc.xsd">

	<sub-flow name="selectAccountFromSiebel" doc:name="selectAccountFromSiebel">
		<siebel:query-business-components
			config-ref="OracleSiebelBusinessObjects" businessObjectComponentType="Account.Account"
			doc:name="query Accounts from Siebel" searchExpression="[Name] = &quot;#[payload.Name]&quot;">
			<siebel:fields-to-retrieve>
				<siebel:fields-to-retrieve>Id</siebel:fields-to-retrieve>
				<siebel:fields-to-retrieve>Name</siebel:fields-to-retrieve>
			</siebel:fields-to-retrieve>
		</siebel:query-business-components>
	</sub-flow>

	<sub-flow name="selectContactFromSiebel" doc:name="selectContactFromSiebel">
		<siebel:query-business-components
			config-ref="OracleSiebelBusinessObjects" businessObjectComponentType="Contact.Contact"
			doc:name="query Contacts from Siebel" searchExpression="[Email Address] = &quot;#[payload.Email]&quot;">
			<siebel:fields-to-retrieve>
				<siebel:fields-to-retrieve>Id</siebel:fields-to-retrieve>
				<siebel:fields-to-retrieve>Email Address</siebel:fields-to-retrieve>
			</siebel:fields-to-retrieve>
		</siebel:query-business-components>
	</sub-flow>

    <sub-flow name="createAccountInSalesforce" doc:name="createAccountInSalesforce">
        <sfdc:create config-ref="Salesforce" type="Account" doc:name="Salesforce">
            <sfdc:objects ref="#[payload]"/>
        </sfdc:create>
        <logger message="Account to create #[payload]" level="INFO" doc:name="Logger"/>
    </sub-flow>

    <sub-flow name="createContactInSalesforce" doc:name="createContactInSalesforce">
        <sfdc:create config-ref="Salesforce" type="Contact" doc:name="Salesforce">
            <sfdc:objects ref="#[payload]"/>
        </sfdc:create>
        <logger message="Contact to create #[payload]" level="INFO" doc:name="Logger"/>
    </sub-flow>    

    <sub-flow name="deleteAccountFromSalesforce" doc:name="deleteAccountFromSalesforce">
		<sfdc:delete config-ref="Salesforce" doc:name="Salesforce">
			<sfdc:ids ref="#[payload]" />
		</sfdc:delete>
    </sub-flow>

    <sub-flow name="deleteContactSiebel" doc:name="deleteContactSiebel">
        <foreach doc:name="For Each">
            <siebel:delete-business-component config-ref="OracleSiebelBusinessObjects" businessComponentId="#[payload]" businessObjectComponentType="Contact.Contact" doc:name="Oracle Siebel Business Objects"/>
            <logger message="#[payload]" level="INFO" doc:name="Logger"/>
        </foreach>
    </sub-flow>

    <sub-flow name="deleteAccountFromSiebel" doc:name="deleteAccountFromSiebel">
		<foreach doc:name="For Each">
			<siebel:delete-business-component
				config-ref="OracleSiebelBusinessObjects" businessComponentId="#[payload]"
				businessObjectComponentType="Account.Account" doc:name="Oracle Siebel Business Objects" />
		</foreach>
        <logger message="#[payload]" level="INFO" doc:name="Logger"/>

    </sub-flow>
</mule>
